Export time: 2023/12/16 16:15:35 IST
Export duration: 39.318s

Export settings:
	Export Geometry: Models with Shape Fallback
	Output Path: C:\Users\nevis\OneDrive - IIT Kanpur\Documents\ArcGIS CityEngine 2023.0\CityEngine2023.0\models\withtexture_final
	Simplify Terrain Meshes: true
	Terrain Layers: Export all selected terrain layers
	Terrain Mesh Resolution: [ 1024, 1024 ]
	applicationName: CityEngine
	applicationString: CityEngine 2023.0.8905 0504R
	applicationVendor: Esri R&D Center Zurich Inc.
	applicationVersion: 2023.0.8905 05041641
	atlasAddWrapBorder: true
	author: nevishpathe
	baseName: OnlyEduWithTexture
	collectTextures: true
	createShapeGroups: true
	createTextureAtlases: false
	embedTextures: false
	encoderID: com.esri.prt.codecs.FBXEncoder
	encoderName: Autodesk FBX
	errorFallback: true
	existingFiles: OVERWRITE
	facesWithHoles: TRIANGULATE_FACES_WITH_HOLES
	fileGranularity: MEMORY_BUDGET
	fileType: BINARY
	globalOffset: [ -8646641.84, -0.0, 3317798.797 ]
	includeMaterials: true
	localOffset: NONE
	maxAtlasDim: 11
	memoryBudget: 500
	mergeNormals: true
	mergeTexcoords: true
	mergeVertices: true
	meshGranularity: PER_MATERIAL
	normalPrecision: 0.001
	normalsIndexing: INDEXED
	outputPath: 
	sceneFile: /CityEngine_Tour/scenes/Riyal/OnlyEdu.cej
	script: 
	shapeNameDelimiter: _
	tempPath: 
	texcoordPrecision: 1.0E-4
	textureCoordinates: ALL
	triangulateMeshes: false
	vertexNormals: SET_MISSING
	vertexPrecision: 0.001
	writeLog: true

Initial shapes:
	 0 :   OK                ''             OID 'f2e36f94-93cd-11b8-aa67-008088734c99'
	 1 :   OK                ''             OID 'f2e80b44-93cd-11b8-aa67-008088734c99'
	 2 :   OK                ''             OID 'f2e8e9ec-93cd-11b8-aa67-008088734c99'
	 3 :   OK                ''             OID 'f2e99d9c-93cd-11b8-aa67-008088734c99'
	 4 :   OK                ''             OID 'f2ea6344-93cd-11b8-aa67-008088734c99'
	 5 :   OK                ''             OID 'f2eb07b8-93cd-11b8-aa67-008088734c99'
	 6 :   OK                ''             OID 'f2eb9bc4-93cd-11b8-aa67-008088734c99'
	 7 :   OK                ''             OID 'f2ec2be8-93cd-11b8-aa67-008088734c99'
	 8 :   OK                ''             OID 'f2ecd5d4-93cd-11b8-aa67-008088734c99'
	 9 :   OK                ''             OID 'f2ed67ec-93cd-11b8-aa67-008088734c99'
	10 :   OK                ''             OID 'f2edf748-93cd-11b8-aa67-008088734c99'
	11 :   OK                ''             OID 'f2ee86a4-93cd-11b8-aa67-008088734c99'
	12 :   OK                ''             OID 'f2ef1a4c-93cd-11b8-aa67-008088734c99'
	13 :   OK                ''             OID 'f2efa87c-93cd-11b8-aa67-008088734c99'
	14 :   OK                ''             OID 'f2f01834-93cd-11b8-aa67-008088734c99'
	15 :   OK                ''             OID 'f2f082d8-93cd-11b8-aa67-008088734c99'
	16 :   OK                ''             OID 'f2f0ebec-93cd-11b8-aa67-008088734c99'
	17 :   OK                ''             OID 'f2f15b40-93cd-11b8-aa67-008088734c99'
	18 :   OK                ''             OID 'f2f1c710-93cd-11b8-aa67-008088734c99'
	19 :   OK                ''             OID 'f2f23600-93cd-11b8-aa67-008088734c99'
	20 :   OK                ''             OID 'f2f30314-93cd-11b8-aa67-008088734c99'



Files created:
	'OnlyEduWithTexture_0.fbx':
		Initial shapes:
			0, 1, 2, 3, 4, 5, 6, 7, 8, 9, 10, 11, 12, 13, 14, 15, 16, 17, 18, 19, 20, 
		GEOMETRY:
			Total Meshes: 104
			Total Polygons: 12669
			    | Name                        | Material                 | Polygons 
			====+=============================+==========================+==========
			  1  'mesh_CityEngineMaterial'     'CityEngineMaterial_2_mat'        55 
			  2  'mesh_CityEngineMaterial_1'   'CityEngineMaterial_4_mat'        13 
			  3  'mesh_CityEngineMaterial_2'   'CityEngineMaterial_1_mat'       384 
			  4  'mesh_CityEngineMaterial_3'   'CityEngineMaterial_3_mat'         6 
			  5  'mesh_CityEngineMaterial_4'   'CityEngineMaterial_mat'           1 
			  6  'mesh_CityEngineMaterial_5'   'CityEngineMaterial_2_mat'        32 
			  7  'mesh_CityEngineMaterial_6'   'CityEngineMaterial_4_mat'         7 
			  8  'mesh_CityEngineMaterial_7'   'CityEngineMaterial_1_mat'       260 
			  9  'mesh_CityEngineMaterial_8'   'CityEngineMaterial_3_mat'         2 
			 10  'mesh_CityEngineMaterial_9'   'CityEngineMaterial_mat'           1 
			 11  'mesh_CityEngineMaterial_10'  'CityEngineMaterial_2_mat'       173 
			 12  'mesh_CityEngineMaterial_11'  'CityEngineMaterial_4_mat'        66 
			 13  'mesh_CityEngineMaterial_12'  'CityEngineMaterial_1_mat'       916 
			 14  'mesh_CityEngineMaterial_13'  'CityEngineMaterial_3_mat'         4 
			 15  'mesh_CityEngineMaterial_14'  'CityEngineMaterial_mat'           1 
			 16  'mesh_CityEngineMaterial_15'  'CityEngineMaterial_2_mat'       133 
			 17  'mesh_CityEngineMaterial_16'  'CityEngineMaterial_4_mat'        50 
			 18  'mesh_CityEngineMaterial_17'  'CityEngineMaterial_1_mat'       750 
			 19  'mesh_CityEngineMaterial_18'  'CityEngineMaterial_3_mat'         4 
			 20  'mesh_CityEngineMaterial_19'  'CityEngineMaterial_mat'           1 
			 21  'mesh_CityEngineMaterial_20'  'CityEngineMaterial_2_mat'        77 
			 22  'mesh_CityEngineMaterial_21'  'CityEngineMaterial_4_mat'        17 
			 23  'mesh_CityEngineMaterial_22'  'CityEngineMaterial_1_mat'       566 
			 24  'mesh_CityEngineMaterial_23'  'CityEngineMaterial_3_mat'         6 
			 25  'mesh_CityEngineMaterial_24'  'CityEngineMaterial_mat'           1 
			 26  'mesh_CityEngineMaterial_25'  'CityEngineMaterial_2_mat'        62 
			 27  'mesh_CityEngineMaterial_26'  'CityEngineMaterial_4_mat'        13 
			 28  'mesh_CityEngineMaterial_27'  'CityEngineMaterial_1_mat'       476 
			 29  'mesh_CityEngineMaterial_28'  'CityEngineMaterial_3_mat'         2 
			 30  'mesh_CityEngineMaterial_29'  'CityEngineMaterial_mat'           1 
			 31  'mesh_CityEngineMaterial_30'  'CityEngineMaterial_2_mat'        92 
			 32  'mesh_CityEngineMaterial_31'  'CityEngineMaterial_4_mat'        31 
			 33  'mesh_CityEngineMaterial_32'  'CityEngineMaterial_1_mat'       548 
			 34  'mesh_CityEngineMaterial_33'  'CityEngineMaterial_3_mat'         2 
			 35  'mesh_CityEngineMaterial_34'  'CityEngineMaterial_mat'           1 
			 36  'mesh_CityEngineMaterial_35'  'CityEngineMaterial_2_mat'       100 
			 37  'mesh_CityEngineMaterial_36'  'CityEngineMaterial_4_mat'        35 
			 38  'mesh_CityEngineMaterial_37'  'CityEngineMaterial_1_mat'       580 
			 39  'mesh_CityEngineMaterial_38'  'CityEngineMaterial_3_mat'         4 
			 40  'mesh_CityEngineMaterial_39'  'CityEngineMaterial_mat'           1 
			 41  'mesh_CityEngineMaterial_40'  'CityEngineMaterial_2_mat'        99 
			 42  'mesh_CityEngineMaterial_41'  'CityEngineMaterial_4_mat'        38 
			 43  'mesh_CityEngineMaterial_42'  'CityEngineMaterial_1_mat'       566 
			 44  'mesh_CityEngineMaterial_43'  'CityEngineMaterial_3_mat'         2 
			 45  'mesh_CityEngineMaterial_44'  'CityEngineMaterial_mat'           1 
			 46  'mesh_CityEngineMaterial_45'  'CityEngineMaterial_2_mat'        87 
			 47  'mesh_CityEngineMaterial_46'  'CityEngineMaterial_4_mat'        32 
			 48  'mesh_CityEngineMaterial_47'  'CityEngineMaterial_1_mat'       500 
			 49  'mesh_CityEngineMaterial_48'  'CityEngineMaterial_3_mat'         2 
			 50  'mesh_CityEngineMaterial_49'  'CityEngineMaterial_mat'           1 
			 51  'mesh_CityEngineMaterial_50'  'CityEngineMaterial_2_mat'        55 
			 52  'mesh_CityEngineMaterial_51'  'CityEngineMaterial_4_mat'        18 
			 53  'mesh_CityEngineMaterial_52'  'CityEngineMaterial_1_mat'       460 
			 54  'mesh_CityEngineMaterial_53'  'CityEngineMaterial_3_mat'         2 
			 55  'mesh_CityEngineMaterial_54'  'CityEngineMaterial_mat'           1 
			 56  'mesh_CityEngineMaterial_55'  'CityEngineMaterial_2_mat'        16 
			 57  'mesh_CityEngineMaterial_56'  'CityEngineMaterial_4_mat'         3 
			 58  'mesh_CityEngineMaterial_57'  'CityEngineMaterial_1_mat'       212 
			 59  'mesh_CityEngineMaterial_58'  'CityEngineMaterial_3_mat'         2 
			 60  'mesh_CityEngineMaterial_59'  'CityEngineMaterial_mat'           1 
			 61  'mesh_CityEngineMaterial_60'  'CityEngineMaterial_2_mat'        37 
			 62  'mesh_CityEngineMaterial_61'  'CityEngineMaterial_4_mat'        12 
			 63  'mesh_CityEngineMaterial_62'  'CityEngineMaterial_1_mat'       260 
			 64  'mesh_CityEngineMaterial_63'  'CityEngineMaterial_3_mat'         2 
			 65  'mesh_CityEngineMaterial_64'  'CityEngineMaterial_mat'           1 
			 66  'mesh_CityEngineMaterial_65'  'CityEngineMaterial_2_mat'        75 
			 67  'mesh_CityEngineMaterial_66'  'CityEngineMaterial_4_mat'        26 
			 68  'mesh_CityEngineMaterial_67'  'CityEngineMaterial_1_mat'       452 
			 69  'mesh_CityEngineMaterial_68'  'CityEngineMaterial_3_mat'         2 
			 70  'mesh_CityEngineMaterial_69'  'CityEngineMaterial_mat'           1 
			 71  'mesh_CityEngineMaterial_70'  'CityEngineMaterial_2_mat'        40 
			 72  'mesh_CityEngineMaterial_71'  'CityEngineMaterial_4_mat'        15 
			 73  'mesh_CityEngineMaterial_72'  'CityEngineMaterial_1_mat'       260 
			 74  'mesh_CityEngineMaterial_73'  'CityEngineMaterial_3_mat'         2 
			 75  'mesh_CityEngineMaterial_74'  'CityEngineMaterial_mat'           1 
			 76  'mesh_CityEngineMaterial_75'  'CityEngineMaterial_2_mat'         4 
			 77  'mesh_CityEngineMaterial_76'  'CityEngineMaterial_1_mat'       122 
			 78  'mesh_CityEngineMaterial_77'  'CityEngineMaterial_3_mat'         2 
			 79  'mesh_CityEngineMaterial_78'  'CityEngineMaterial_mat'           1 
			 80  'mesh_CityEngineMaterial_79'  'CityEngineMaterial_2_mat'        23 
			 81  'mesh_CityEngineMaterial_80'  'CityEngineMaterial_4_mat'         4 
			 82  'mesh_CityEngineMaterial_81'  'CityEngineMaterial_1_mat'       224 
			 83  'mesh_CityEngineMaterial_82'  'CityEngineMaterial_3_mat'         2 
			 84  'mesh_CityEngineMaterial_83'  'CityEngineMaterial_mat'           1 
			 85  'mesh_CityEngineMaterial_84'  'CityEngineMaterial_2_mat'        30 
			 86  'mesh_CityEngineMaterial_85'  'CityEngineMaterial_4_mat'         7 
			 87  'mesh_CityEngineMaterial_86'  'CityEngineMaterial_1_mat'       364 
			 88  'mesh_CityEngineMaterial_87'  'CityEngineMaterial_3_mat'         4 
			 89  'mesh_CityEngineMaterial_88'  'CityEngineMaterial_mat'           1 
			 90  'mesh_CityEngineMaterial_89'  'CityEngineMaterial_2_mat'        29 
			 91  'mesh_CityEngineMaterial_90'  'CityEngineMaterial_4_mat'         6 
			 92  'mesh_CityEngineMaterial_91'  'CityEngineMaterial_1_mat'       314 
			 93  'mesh_CityEngineMaterial_92'  'CityEngineMaterial_3_mat'         4 
			 94  'mesh_CityEngineMaterial_93'  'CityEngineMaterial_mat'           1 
			 95  'mesh_CityEngineMaterial_94'  'CityEngineMaterial_2_mat'        76 
			 96  'mesh_CityEngineMaterial_95'  'CityEngineMaterial_4_mat'        27 
			 97  'mesh_CityEngineMaterial_96'  'CityEngineMaterial_1_mat'       668 
			 98  'mesh_CityEngineMaterial_97'  'CityEngineMaterial_3_mat'         2 
			 99  'mesh_CityEngineMaterial_98'  'CityEngineMaterial_mat'           1 
			100  'mesh_CityEngineMaterial_99'  'CityEngineMaterial_2_mat'       159 
			101  'mesh_CityEngineMaterial_100' 'CityEngineMaterial_4_mat'        45 
			102  'mesh_CityEngineMaterial_101' 'CityEngineMaterial_1_mat'      1785 
			103  'mesh_CityEngineMaterial_102' 'CityEngineMaterial_3_mat'         4 
			104  'mesh_CityEngineMaterial_103' 'CityEngineMaterial_mat'           1 
		MATERIAL:
			Total Materials: 5
			  | Name                     | Texture_0          | Texture_1      
			==+==========================+====================+================
			1  'CityEngineMaterial_2_mat' ''                   ''              
			2  'CityEngineMaterial_4_mat' ''                   ''              
			3  'CityEngineMaterial_1_mat' 'brick_brown_01.jpg' 'dirtmap_04.jpg'
			4  'CityEngineMaterial_3_mat' ''                   ''              
			5  'CityEngineMaterial_mat'   'flat_01.jpg'        ''              