Export time: 2023/12/16 16:20:00 IST
Export duration: 28.842s

Export settings:
	Export Geometry: Models with Shape Fallback
	Output Path: C:\Users\nevis\OneDrive - IIT Kanpur\Documents\ArcGIS CityEngine 2023.0\CityEngine2023.0\models\withtexture_final
	Simplify Terrain Meshes: true
	Terrain Layers: Export all selected terrain layers
	Terrain Mesh Resolution: [ 1024, 1024 ]
	applicationName: CityEngine
	applicationString: CityEngine 2023.0.8905 0504R
	applicationVendor: Esri R&D Center Zurich Inc.
	applicationVersion: 2023.0.8905 05041641
	atlasAddWrapBorder: true
	author: nevishpathe
	baseName: OnlyComWithTexture
	collectTextures: true
	createShapeGroups: true
	createTextureAtlases: false
	embedTextures: false
	encoderID: com.esri.prt.codecs.FBXEncoder
	encoderName: Autodesk FBX
	errorFallback: true
	existingFiles: OVERWRITE
	facesWithHoles: TRIANGULATE_FACES_WITH_HOLES
	fileGranularity: MEMORY_BUDGET
	fileType: BINARY
	globalOffset: [ -8646641.84, -0.0, 3317798.797 ]
	includeMaterials: true
	localOffset: NONE
	maxAtlasDim: 11
	memoryBudget: 500
	mergeNormals: true
	mergeTexcoords: true
	mergeVertices: true
	meshGranularity: PER_MATERIAL
	normalPrecision: 0.001
	normalsIndexing: INDEXED
	outputPath: 
	sceneFile: /CityEngine_Tour/scenes/Riyal/OnlyCom.cej
	script: 
	shapeNameDelimiter: _
	tempPath: 
	texcoordPrecision: 1.0E-4
	textureCoordinates: ALL
	triangulateMeshes: false
	vertexNormals: SET_MISSING
	vertexPrecision: 0.001
	writeLog: true

Initial shapes:
	0 :   OK                ''             OID '4d0af37c-93ea-11b8-aa67-008088734c99'
	1 :   OK                ''             OID '4d0f97c4-93ea-11b8-aa67-008088734c99'
	2 :   OK                ''             OID '4d10621c-93ea-11b8-aa67-008088734c99'
	3 :   OK                ''             OID '4d10d42c-93ea-11b8-aa67-008088734c99'
	4 :   OK                ''             OID '4d116b58-93ea-11b8-aa67-008088734c99'
	5 :   OK                ''             OID '4d11d408-93ea-11b8-aa67-008088734c99'



Files created:
	'OnlyComWithTexture_0.fbx':
		Initial shapes:
			0, 1, 2, 3, 4, 5, 
		GEOMETRY:
			Total Meshes: 17
			Total Polygons: 102
			   | Name                       | Material                  | Polygons 
			===+============================+===========================+==========
			 1  'mesh_CityEngineMaterial'    'CityEngineMaterial_2_mat'          4 
			 2  'mesh_CityEngineMaterial_1'  'CityEngineMaterial_mat'            2 
			 3  'mesh_CityEngineMaterial_2'  'CityEngineMaterial_1_mat'          4 
			 4  'mesh_CityEngineMaterial_3'  'CityEngineMaterial_2_mat'          4 
			 5  'mesh_CityEngineMaterial_4'  'CityEngineMaterial_3_mat'          2 
			 6  'mesh_CityEngineMaterial_5'  'CityEngineMaterial_1_mat'          4 
			 7  'mesh_CityEngineMaterial_6'  'CityEngineMaterial_5_mat'          4 
			 8  'mesh_CityEngineMaterial_7'  'CityEngineMaterial_6_mat'          4 
			 9  'mesh_CityEngineMaterial_8'  'CityEngineMaterial_4_mat'          2 
			10  'mesh_CityEngineMaterial_9'  'CityEngineMaterial_8_mat'          4 
			11  'mesh_CityEngineMaterial_10' 'CityEngineMaterial_7_mat'          2 
			12  'mesh_CityEngineMaterial_11' 'CityEngineMaterial_5_mat'         10 
			13  'mesh_CityEngineMaterial_12' 'CityEngineMaterial_6_mat'         10 
			14  'mesh_CityEngineMaterial_13' 'CityEngineMaterial_9_mat'         20 
			15  'mesh_CityEngineMaterial_14' 'CityEngineMaterial_10_mat'         2 
			16  'mesh_CityEngineMaterial_15' 'CityEngineMaterial_11_mat'        12 
			17  'mesh_CityEngineMaterial_16' 'CityEngineMaterial_1_mat'         12 
		MATERIAL:
			Total Materials: 12
			   | Name                      | Texture_0                   | Texture_1       
			===+===========================+=============================+=================
			 1  'CityEngineMaterial_2_mat'  'flatRoof_15.jpg'             'flatRoof_15.jpg'
			 2  'CityEngineMaterial_mat'    'u_f002_t011_Service_000.jpg' 'flatRoof_20.jpg'
			 3  'CityEngineMaterial_1_mat'  'flatRoof_4.jpg'              'flatRoof_4.jpg' 
			 4  'CityEngineMaterial_3_mat'  ''                            ''               
			 5  'CityEngineMaterial_5_mat'  ''                            ''               
			 6  'CityEngineMaterial_6_mat'  ''                            ''               
			 7  'CityEngineMaterial_4_mat'  ''                            ''               
			 8  'CityEngineMaterial_8_mat'  ''                            ''               
			 9  'CityEngineMaterial_7_mat'  ''                            ''               
			10  'CityEngineMaterial_9_mat'  ''                            ''               
			11  'CityEngineMaterial_10_mat' ''                            ''               
			12  'CityEngineMaterial_11_mat' ''                            ''               