Export time: 2023/12/16 16:22:51 IST
Export duration: 22.736s

Export settings:
	Export Geometry: Models with Shape Fallback
	Output Path: C:\Users\nevis\OneDrive - IIT Kanpur\Documents\ArcGIS CityEngine 2023.0\CityEngine2023.0\models\withtexture_final
	Simplify Terrain Meshes: true
	Terrain Layers: Export all selected terrain layers
	Terrain Mesh Resolution: [ 1024, 1024 ]
	applicationName: CityEngine
	applicationString: CityEngine 2023.0.8905 0504R
	applicationVendor: Esri R&D Center Zurich Inc.
	applicationVersion: 2023.0.8905 05041641
	atlasAddWrapBorder: true
	author: nevishpathe
	baseName: OnlyReligWithTexture
	collectTextures: true
	createShapeGroups: true
	createTextureAtlases: false
	embedTextures: false
	encoderID: com.esri.prt.codecs.FBXEncoder
	encoderName: Autodesk FBX
	errorFallback: true
	existingFiles: OVERWRITE
	facesWithHoles: TRIANGULATE_FACES_WITH_HOLES
	fileGranularity: MEMORY_BUDGET
	fileType: BINARY
	globalOffset: [ -8646641.84, -0.0, 3317798.797 ]
	includeMaterials: true
	localOffset: NONE
	maxAtlasDim: 11
	memoryBudget: 500
	mergeNormals: true
	mergeTexcoords: true
	mergeVertices: true
	meshGranularity: PER_MATERIAL
	normalPrecision: 0.001
	normalsIndexing: INDEXED
	outputPath: 
	sceneFile: /CityEngine_Tour/scenes/Riyal/OnlyRelig.cej
	script: 
	shapeNameDelimiter: _
	tempPath: 
	texcoordPrecision: 1.0E-4
	textureCoordinates: ALL
	triangulateMeshes: false
	vertexNormals: SET_MISSING
	vertexPrecision: 0.001
	writeLog: true

Initial shapes:
	 0 :   OK                ''             OID '8197d808-93e5-11b8-aa67-008088734c99'
	 1 :   OK                ''             OID '81990e94-93e5-11b8-aa67-008088734c99'
	 2 :   OK                ''             OID '81996934-93e5-11b8-aa67-008088734c99'
	 3 :   OK                ''             OID '8199a87c-93e5-11b8-aa67-008088734c99'
	 4 :   OK                ''             OID '8199dc70-93e5-11b8-aa67-008088734c99'
	 5 :   OK                ''             OID '819a0f38-93e5-11b8-aa67-008088734c99'
	 6 :   OK                ''             OID '819a432c-93e5-11b8-aa67-008088734c99'
	 7 :   OK                ''             OID '819a7720-93e5-11b8-aa67-008088734c99'
	 8 :   OK                ''             OID '819aa984-93e5-11b8-aa67-008088734c99'
	 9 :   OK                ''             OID '819adddc-93e5-11b8-aa67-008088734c99'
	10 :   OK                ''             OID '819b14f0-93e5-11b8-aa67-008088734c99'
	11 :   OK                ''             OID '819b77c4-93e5-11b8-aa67-008088734c99'
	12 :   OK                ''             OID '819c0f54-93e5-11b8-aa67-008088734c99'
	13 :   OK                ''             OID '819cb620-93e5-11b8-aa67-008088734c99'
	14 :   OK                ''             OID '819d150c-93e5-11b8-aa67-008088734c99'
	15 :   OK                ''             OID '819d6520-93e5-11b8-aa67-008088734c99'
	16 :   OK                ''             OID '819d9c34-93e5-11b8-aa67-008088734c99'
	17 :   OK                ''             OID '819dd1b8-93e5-11b8-aa67-008088734c99'
	18 :   OK                ''             OID '819e06d8-93e5-11b8-aa67-008088734c99'
	19 :   OK                ''             OID '819e3b94-93e5-11b8-aa67-008088734c99'
	20 :   OK                ''             OID '819e7884-93e5-11b8-aa67-008088734c99'
	21 :   OK                ''             OID '819eab4c-93e5-11b8-aa67-008088734c99'
	22 :   OK                ''             OID '819ee6ac-93e5-11b8-aa67-008088734c99'
	23 :   OK                ''             OID '819f2018-93e5-11b8-aa67-008088734c99'



Files created:
	'OnlyReligWithTexture_0.fbx':
		Initial shapes:
			0, 1, 2, 3, 4, 5, 6, 7, 8, 9, 10, 11, 12, 13, 14, 15, 16, 17, 18, 19, 20, 21, 22, 23, 
		GEOMETRY:
			Total Meshes: 71
			Total Polygons: 296
			   | Name                       | Material                  | Polygons 
			===+============================+===========================+==========
			 1  'mesh_CityEngineMaterial'    'CityEngineMaterial_2_mat'          9 
			 2  'mesh_CityEngineMaterial_1'  'CityEngineMaterial_mat'            2 
			 3  'mesh_CityEngineMaterial_2'  'CityEngineMaterial_1_mat'          9 
			 4  'mesh_CityEngineMaterial_3'  'CityEngineMaterial_3_mat'          2 
			 5  'mesh_CityEngineMaterial_4'  'CityEngineMaterial_1_mat'          4 
			 6  'mesh_CityEngineMaterial_5'  'CityEngineMaterial_5_mat'          8 
			 7  'mesh_CityEngineMaterial_6'  'CityEngineMaterial_4_mat'          2 
			 8  'mesh_CityEngineMaterial_7'  'CityEngineMaterial_6_mat'          8 
			 9  'mesh_CityEngineMaterial_8'  'CityEngineMaterial_5_mat'          4 
			10  'mesh_CityEngineMaterial_9'  'CityEngineMaterial_8_mat'          4 
			11  'mesh_CityEngineMaterial_10' 'CityEngineMaterial_7_mat'          2 
			12  'mesh_CityEngineMaterial_11' 'CityEngineMaterial_10_mat'         4 
			13  'mesh_CityEngineMaterial_12' 'CityEngineMaterial_9_mat'          2 
			14  'mesh_CityEngineMaterial_13' 'CityEngineMaterial_11_mat'         4 
			15  'mesh_CityEngineMaterial_14' 'CityEngineMaterial_12_mat'         2 
			16  'mesh_CityEngineMaterial_15' 'CityEngineMaterial_5_mat'          4 
			17  'mesh_CityEngineMaterial_16' 'CityEngineMaterial_8_mat'          4 
			18  'mesh_CityEngineMaterial_17' 'CityEngineMaterial_10_mat'         6 
			19  'mesh_CityEngineMaterial_18' 'CityEngineMaterial_14_mat'         6 
			20  'mesh_CityEngineMaterial_19' 'CityEngineMaterial_13_mat'         2 
			21  'mesh_CityEngineMaterial_20' 'CityEngineMaterial_10_mat'         8 
			22  'mesh_CityEngineMaterial_21' 'CityEngineMaterial_15_mat'         2 
			23  'mesh_CityEngineMaterial_22' 'CityEngineMaterial_11_mat'         8 
			24  'mesh_CityEngineMaterial_23' 'CityEngineMaterial_17_mat'         4 
			25  'mesh_CityEngineMaterial_24' 'CityEngineMaterial_16_mat'         2 
			26  'mesh_CityEngineMaterial_25' 'CityEngineMaterial_1_mat'          4 
			27  'mesh_CityEngineMaterial_26' 'CityEngineMaterial_5_mat'          5 
			28  'mesh_CityEngineMaterial_27' 'CityEngineMaterial_19_mat'         5 
			29  'mesh_CityEngineMaterial_28' 'CityEngineMaterial_18_mat'         2 
			30  'mesh_CityEngineMaterial_29' 'CityEngineMaterial_20_mat'         2 
			31  'mesh_CityEngineMaterial_30' 'CityEngineMaterial_1_mat'         10 
			32  'mesh_CityEngineMaterial_31' 'CityEngineMaterial_21_mat'        10 
			33  'mesh_CityEngineMaterial_32' 'CityEngineMaterial_1_mat'          8 
			34  'mesh_CityEngineMaterial_33' 'CityEngineMaterial_21_mat'         8 
			35  'mesh_CityEngineMaterial_34' 'CityEngineMaterial_22_mat'         2 
			36  'mesh_CityEngineMaterial_35' 'CityEngineMaterial_23_mat'         2 
			37  'mesh_CityEngineMaterial_36' 'CityEngineMaterial_1_mat'          6 
			38  'mesh_CityEngineMaterial_37' 'CityEngineMaterial_21_mat'         6 
			39  'mesh_CityEngineMaterial_38' 'CityEngineMaterial_24_mat'         2 
			40  'mesh_CityEngineMaterial_39' 'CityEngineMaterial_10_mat'         4 
			41  'mesh_CityEngineMaterial_40' 'CityEngineMaterial_25_mat'         4 
			42  'mesh_CityEngineMaterial_41' 'CityEngineMaterial_1_mat'          4 
			43  'mesh_CityEngineMaterial_42' 'CityEngineMaterial_21_mat'         4 
			44  'mesh_CityEngineMaterial_43' 'CityEngineMaterial_26_mat'         2 
			45  'mesh_CityEngineMaterial_44' 'CityEngineMaterial_27_mat'         2 
			46  'mesh_CityEngineMaterial_45' 'CityEngineMaterial_1_mat'          4 
			47  'mesh_CityEngineMaterial_46' 'CityEngineMaterial_21_mat'         4 
			48  'mesh_CityEngineMaterial_47' 'CityEngineMaterial_28_mat'         2 
			49  'mesh_CityEngineMaterial_48' 'CityEngineMaterial_10_mat'         4 
			50  'mesh_CityEngineMaterial_49' 'CityEngineMaterial_25_mat'         4 
			51  'mesh_CityEngineMaterial_50' 'CityEngineMaterial_5_mat'          4 
			52  'mesh_CityEngineMaterial_51' 'CityEngineMaterial_29_mat'         2 
			53  'mesh_CityEngineMaterial_52' 'CityEngineMaterial_19_mat'         4 
			54  'mesh_CityEngineMaterial_53' 'CityEngineMaterial_2_mat'          4 
			55  'mesh_CityEngineMaterial_54' 'CityEngineMaterial_30_mat'         2 
			56  'mesh_CityEngineMaterial_55' 'CityEngineMaterial_1_mat'          4 
			57  'mesh_CityEngineMaterial_56' 'CityEngineMaterial_17_mat'         4 
			58  'mesh_CityEngineMaterial_57' 'CityEngineMaterial_31_mat'         2 
			59  'mesh_CityEngineMaterial_58' 'CityEngineMaterial_1_mat'          4 
			60  'mesh_CityEngineMaterial_59' 'CityEngineMaterial_10_mat'         4 
			61  'mesh_CityEngineMaterial_60' 'CityEngineMaterial_32_mat'         2 
			62  'mesh_CityEngineMaterial_61' 'CityEngineMaterial_14_mat'         4 
			63  'mesh_CityEngineMaterial_62' 'CityEngineMaterial_10_mat'         4 
			64  'mesh_CityEngineMaterial_63' 'CityEngineMaterial_33_mat'         2 
			65  'mesh_CityEngineMaterial_64' 'CityEngineMaterial_11_mat'         4 
			66  'mesh_CityEngineMaterial_65' 'CityEngineMaterial_10_mat'         4 
			67  'mesh_CityEngineMaterial_66' 'CityEngineMaterial_34_mat'         2 
			68  'mesh_CityEngineMaterial_67' 'CityEngineMaterial_11_mat'         4 
			69  'mesh_CityEngineMaterial_68' 'CityEngineMaterial_2_mat'          6 
			70  'mesh_CityEngineMaterial_69' 'CityEngineMaterial_35_mat'         2 
			71  'mesh_CityEngineMaterial_70' 'CityEngineMaterial_1_mat'          6 
		MATERIAL:
			Total Materials: 36
			   | Name                      | Texture_0                 | Texture_1       
			===+===========================+===========================+=================
			 1  'CityEngineMaterial_2_mat'  'flatRoof_40.jpg'           'flatRoof_40.jpg'
			 2  'CityEngineMaterial_mat'    'u_f007_t006_Other_000.jpg' 'flatRoof_17.jpg'
			 3  'CityEngineMaterial_1_mat'  'u_f005_t006_Other_000.jpg' ''               
			 4  'CityEngineMaterial_3_mat'  ''                          ''               
			 5  'CityEngineMaterial_5_mat'  ''                          ''               
			 6  'CityEngineMaterial_4_mat'  ''                          ''               
			 7  'CityEngineMaterial_6_mat'  ''                          ''               
			 8  'CityEngineMaterial_8_mat'  ''                          ''               
			 9  'CityEngineMaterial_7_mat'  ''                          ''               
			10  'CityEngineMaterial_10_mat' ''                          ''               
			11  'CityEngineMaterial_9_mat'  ''                          ''               
			12  'CityEngineMaterial_11_mat' ''                          ''               
			13  'CityEngineMaterial_12_mat' ''                          ''               
			14  'CityEngineMaterial_14_mat' ''                          ''               
			15  'CityEngineMaterial_13_mat' ''                          ''               
			16  'CityEngineMaterial_15_mat' ''                          ''               
			17  'CityEngineMaterial_17_mat' ''                          ''               
			18  'CityEngineMaterial_16_mat' ''                          ''               
			19  'CityEngineMaterial_19_mat' ''                          ''               
			20  'CityEngineMaterial_18_mat' ''                          ''               
			21  'CityEngineMaterial_20_mat' ''                          ''               
			22  'CityEngineMaterial_21_mat' ''                          ''               
			23  'CityEngineMaterial_22_mat' ''                          ''               
			24  'CityEngineMaterial_23_mat' ''                          ''               
			25  'CityEngineMaterial_24_mat' ''                          ''               
			26  'CityEngineMaterial_25_mat' ''                          ''               
			27  'CityEngineMaterial_26_mat' ''                          ''               
			28  'CityEngineMaterial_27_mat' ''                          ''               
			29  'CityEngineMaterial_28_mat' ''                          ''               
			30  'CityEngineMaterial_29_mat' ''                          ''               
			31  'CityEngineMaterial_30_mat' ''                          ''               
			32  'CityEngineMaterial_31_mat' ''                          ''               
			33  'CityEngineMaterial_32_mat' ''                          ''               
			34  'CityEngineMaterial_33_mat' ''                          ''               
			35  'CityEngineMaterial_34_mat' ''                          ''               
			36  'CityEngineMaterial_35_mat' ''                          ''               