Export time: 2023/12/16 22:42:23 IST
Export duration: 26.64s

Export settings:
	Export Geometry: Models with Shape Fallback
	Output Path: C:\Users\nevis\OneDrive - IIT Kanpur\Documents\ArcGIS CityEngine 2023.0\CityEngine2023.0\models\w4sides
	Simplify Terrain Meshes: true
	Terrain Layers: Export all selected terrain layers
	Terrain Mesh Resolution: [ 1024, 1024 ]
	applicationName: CityEngine
	applicationString: CityEngine 2023.0.8905 0504R
	applicationVendor: Esri R&D Center Zurich Inc.
	applicationVersion: 2023.0.8905 05041641
	atlasAddWrapBorder: true
	author: nevishpathe
	baseName: AngTex
	collectTextures: false
	createShapeGroups: false
	createTextureAtlases: false
	embedTextures: true
	encoderID: com.esri.prt.codecs.FBXEncoder
	encoderName: Autodesk FBX
	errorFallback: true
	existingFiles: OVERWRITE
	facesWithHoles: TRIANGULATE_FACES_WITH_HOLES
	fileGranularity: START_SHAPE
	fileType: BINARY
	globalOffset: [ -8646641.84, -0.0, 3317798.797 ]
	includeMaterials: true
	localOffset: NONE
	maxAtlasDim: 11
	memoryBudget: 500
	mergeNormals: true
	mergeTexcoords: true
	mergeVertices: true
	meshGranularity: INSTANCED
	normalPrecision: 0.001
	normalsIndexing: INDEXED
	outputPath: 
	sceneFile: /CityEngine_Tour/scenes/Riyal/OnlyAngan.cej
	script: 
	shapeNameDelimiter: _
	tempPath: 
	texcoordPrecision: 1.0E-4
	textureCoordinates: ALL
	triangulateMeshes: false
	vertexNormals: SET_MISSING
	vertexPrecision: 0.001
	writeLog: true

Initial shapes:
	0 :   OK                ''             OID '60a15f04-93f2-11b8-aa67-008088734c99'

Assets with errors/warnings/infos:
	<initial shape geometry>:
		Warning: Geometry '' contained: 1 0-length edges (removed); ; 


Files created:
	'AngTex_.fbx':
		Initial shapes:
			0, 
		GEOMETRY:
			Total Meshes: 3
			Total Polygons: 12
			  | Name                      | Instance Occurrences | Material                     | Polygons 
			==+===========================+======================+==============================+==========
			1  'mesh_CityEngineMaterial'                       1  'CityEngineMaterial_mat(1),'           2 
			2  'mesh_CityEngineMaterial_1'                     1  'CityEngineMaterial_1_mat(1),'         5 
			3  'mesh_CityEngineMaterial_2'                     1  'CityEngineMaterial_2_mat(1),'         5 
		MATERIAL:
			Total Materials: 3
			  | Name                     | Texture_0                       | Texture_1       
			==+==========================+=================================+=================
			1  'CityEngineMaterial_mat'   'flatRoof_26.jpg'                 'flatRoof_26.jpg'
			2  'CityEngineMaterial_1_mat' 'g_f001_t002_Educational_000.jpg' ''               
			3  'CityEngineMaterial_2_mat' 'u_f003_t006_Educational_000.jpg' ''               