Export time: 2023/12/16 21:22:42 IST
Export duration: 69.246s

Export settings:
	Export Geometry: Models with Shape Fallback
	Output Path: C:\Users\nevis\OneDrive - IIT Kanpur\Documents\ArcGIS CityEngine 2023.0\CityEngine2023.0\models\w4sides
	Simplify Terrain Meshes: true
	Terrain Layers: Export all selected terrain layers
	Terrain Mesh Resolution: [ 1024, 1024 ]
	applicationName: CityEngine
	applicationString: CityEngine 2023.0.8905 0504R
	applicationVendor: Esri R&D Center Zurich Inc.
	applicationVersion: 2023.0.8905 05041641
	atlasAddWrapBorder: true
	author: nevishpathe
	baseName: ComTex
	collectTextures: false
	createShapeGroups: false
	createTextureAtlases: false
	embedTextures: true
	encoderID: com.esri.prt.codecs.FBXEncoder
	encoderName: Autodesk FBX
	errorFallback: true
	existingFiles: OVERWRITE
	facesWithHoles: CONVERT_HOLES_TO_FACES
	fileGranularity: START_SHAPE
	fileType: BINARY
	globalOffset: [ -8646641.84, 0.0, 3317798.797 ]
	includeMaterials: true
	localOffset: NONE
	maxAtlasDim: 11
	memoryBudget: 500
	mergeNormals: true
	mergeTexcoords: true
	mergeVertices: true
	meshGranularity: INSTANCED
	normalPrecision: 0.001
	normalsIndexing: SEPARATED
	outputPath: 
	sceneFile: /CityEngine_Tour/scenes/Riyal/OnlyCom.cej
	script: 
	shapeNameDelimiter: _
	tempPath: 
	texcoordPrecision: 1.0E-4
	textureCoordinates: ALL
	triangulateMeshes: false
	vertexNormals: SET_ALL
	vertexPrecision: 0.001
	writeLog: true

Initial shapes:
	0 :   OK                ''             OID '4d0af37c-93ea-11b8-aa67-008088734c99'
	1 :   OK                ''             OID '4d0f97c4-93ea-11b8-aa67-008088734c99'
	2 :   OK                ''             OID '4d10621c-93ea-11b8-aa67-008088734c99'
	3 :   OK                ''             OID '4d10d42c-93ea-11b8-aa67-008088734c99'
	4 :   OK                ''             OID '4d116b58-93ea-11b8-aa67-008088734c99'
	5 :   OK                ''             OID '4d11d408-93ea-11b8-aa67-008088734c99'



Files created:
	'ComTex_.fbx':
		Initial shapes:
			0, 
		GEOMETRY:
			Total Meshes: 2
			Total Polygons: 6
			  | Name                      | Instance Occurrences | Material                     | Polygons 
			==+===========================+======================+==============================+==========
			1  'mesh_CityEngineMaterial'                       1  'CityEngineMaterial_1_mat(1),'         4 
			2  'mesh_CityEngineMaterial_1'                     1  'CityEngineMaterial_mat(1),'           2 
		MATERIAL:
			Total Materials: 2
			  | Name                     | Texture_0                   | Texture_1       
			==+==========================+=============================+=================
			1  'CityEngineMaterial_1_mat' 'u_f002_t003_Service_002.jpg' ''               
			2  'CityEngineMaterial_mat'   'flatRoof_15.jpg'             'flatRoof_15.jpg'
	'ComTex__1.fbx':
		Initial shapes:
			1, 
		GEOMETRY:
			Total Meshes: 2
			Total Polygons: 6
			  | Name                      | Instance Occurrences | Material                     | Polygons 
			==+===========================+======================+==============================+==========
			1  'mesh_CityEngineMaterial_2'                     1  'CityEngineMaterial_1_mat(1),'         4 
			2  'mesh_CityEngineMaterial_3'                     1  'CityEngineMaterial_2_mat(1),'         2 
		MATERIAL:
			Total Materials: 2
			  | Name                     | Texture_0                   | Texture_1       
			==+==========================+=============================+=================
			1  'CityEngineMaterial_1_mat' 'u_f002_t003_Service_002.jpg' ''               
			2  'CityEngineMaterial_2_mat' 'flatRoof_15.jpg'             'flatRoof_15.jpg'
	'ComTex__2.fbx':
		Initial shapes:
			2, 
		GEOMETRY:
			Total Meshes: 2
			Total Polygons: 6
			  | Name                      | Instance Occurrences | Material                     | Polygons 
			==+===========================+======================+==============================+==========
			1  'mesh_CityEngineMaterial_4'                     1  'CityEngineMaterial_4_mat(1),'         4 
			2  'mesh_CityEngineMaterial_5'                     1  'CityEngineMaterial_3_mat(1),'         2 
		MATERIAL:
			Total Materials: 2
			  | Name                     | Texture_0                   | Texture_1       
			==+==========================+=============================+=================
			1  'CityEngineMaterial_4_mat' 'u_f005_t006_Service_000.jpg' ''               
			2  'CityEngineMaterial_3_mat' 'flatRoof_15.jpg'             'flatRoof_15.jpg'
	'ComTex__3.fbx':
		Initial shapes:
			3, 
		GEOMETRY:
			Total Meshes: 2
			Total Polygons: 6
			  | Name                      | Instance Occurrences | Material                     | Polygons 
			==+===========================+======================+==============================+==========
			1  'mesh_CityEngineMaterial_6'                     1  'CityEngineMaterial_5_mat(1),'         2 
			2  'mesh_CityEngineMaterial_7'                     1  'CityEngineMaterial_6_mat(1),'         4 
		MATERIAL:
			Total Materials: 2
			  | Name                     | Texture_0                   | Texture_1       
			==+==========================+=============================+=================
			1  'CityEngineMaterial_5_mat' 'flatRoof_15.jpg'             'flatRoof_15.jpg'
			2  'CityEngineMaterial_6_mat' 'u_f002_t016_Service_000.jpg' ''               
	'ComTex__4.fbx':
		Initial shapes:
			4, 
		GEOMETRY:
			Total Meshes: 2
			Total Polygons: 14
			  | Name                      | Instance Occurrences | Material                     | Polygons 
			==+===========================+======================+==============================+==========
			1  'mesh_CityEngineMaterial_8'                     1  'CityEngineMaterial_4_mat(1),'        10 
			2  'mesh_CityEngineMaterial_9'                     1  'CityEngineMaterial_3_mat(1),'         4 
		MATERIAL:
			Total Materials: 2
			  | Name                     | Texture_0                   | Texture_1       
			==+==========================+=============================+=================
			1  'CityEngineMaterial_4_mat' 'u_f005_t006_Service_000.jpg' ''               
			2  'CityEngineMaterial_3_mat' 'flatRoof_15.jpg'             'flatRoof_15.jpg'
	'ComTex__5.fbx':
		Initial shapes:
			5, 
		GEOMETRY:
			Total Meshes: 2
			Total Polygons: 14
			  | Name                       | Instance Occurrences | Material                     | Polygons 
			==+============================+======================+==============================+==========
			1  'mesh_CityEngineMaterial_10'                     1  'CityEngineMaterial_8_mat(1),'        12 
			2  'mesh_CityEngineMaterial_11'                     1  'CityEngineMaterial_7_mat(1),'         2 
		MATERIAL:
			Total Materials: 2
			  | Name                     | Texture_0                   | Texture_1       
			==+==========================+=============================+=================
			1  'CityEngineMaterial_8_mat' 'u_f002_t011_Service_000.jpg' ''               
			2  'CityEngineMaterial_7_mat' 'flatRoof_15.jpg'             'flatRoof_15.jpg'